[    0.000000] Linux version 4.15.0-166-generic (buildd@lgw01-amd64-012) (gcc version 7.5.0 (Ubuntu 7.5.0-3ubuntu1~18.04)) #174-Ubuntu SMP Wed Dec 8 19:07:44 UTC 2021 (Ubuntu 4.15.0-166.174-generic 4.15.18)
[    0.000000] Command line: BOOT_IMAGE=/boot/vmlinuz-4.15.0-166-generic root=LABEL=cloudimg-rootfs ro console=tty1 console=ttyS0
[    0.000000] KERNEL supported cpus:
[    0.000000]   Intel GenuineIntel
[    0.000000]   AMD AuthenticAMD
[    0.000000]   Centaur CentaurHauls
[    0.000000] x86/fpu: Supporting XSAVE feature 0x001: 'x87 floating point registers'
[    0.000000] x86/fpu: Supporting XSAVE feature 0x002: 'SSE registers'
[    0.000000] x86/fpu: Supporting XSAVE feature 0x004: 'AVX registers'
[    0.000000] x86/fpu: xstate_offset[2]:  576, xstate_sizes[2]:  256
[    0.000000] x86/fpu: Enabled xstate features 0x7, context size is 832 bytes, using 'standard' format.
[    0.000000] e820: BIOS-provided physical RAM map:
[    0.000000] BIOS-e820: [mem 0x0000000000000000-0x000000000009fbff] usable
[    0.000000] BIOS-e820: [mem 0x000000000009fc00-0x000000000009ffff] reserved
[    0.000000] BIOS-e820: [mem 0x00000000000f0000-0x00000000000fffff] reserved
[    0.000000] BIOS-e820: [mem 0x0000000000100000-0x000000007ffeffff] usable
[    0.000000] BIOS-e820: [mem 0x000000007fff0000-0x000000007fffffff] ACPI data
[    0.000000] BIOS-e820: [mem 0x00000000fec00000-0x00000000fec00fff] reserved
[    0.000000] BIOS-e820: [mem 0x00000000fee00000-0x00000000fee00fff] reserved
[    0.000000] BIOS-e820: [mem 0x00000000fffc0000-0x00000000ffffffff] reserved
[    0.000000] NX (Execute Disable) protection: active
[    0.000000] SMBIOS 2.5 present.
[    0.000000] DMI: innotek GmbH VirtualBox/VirtualBox, BIOS VirtualBox 12/01/2006
[    0.000000] Hypervisor detected: KVM
[    0.000000] e820: last_pfn = 0x7fff0 max_arch_pfn = 0x400000000
[    0.000000] MTRR: Disabled
[    0.000000] x86/PAT: MTRRs disabled, skipping PAT initialization too.
[    0.000000] CPU MTRRs all blank - virtualized system.
[    0.000000] x86/PAT: Configuration [0-7]: WB  WT  UC- UC  WB  WT  UC- UC  
[    0.000000] found SMP MP-table at [mem 0x0009fff0-0x0009ffff]
[    0.000000] Scanning 1 areas for low memory corruption
[    0.000000] RAMDISK: [mem 0x359c7000-0x36cdafff]
[    0.000000] ACPI: Early table checksum verification disabled
[    0.000000] ACPI: RSDP 0x00000000000E0000 000024 (v02 VBOX  )
[    0.000000] ACPI: XSDT 0x000000007FFF0030 00003C (v01 VBOX   VBOXXSDT 00000001 ASL  00000061)
[    0.000000] ACPI: FACP 0x000000007FFF00F0 0000F4 (v04 VBOX   VBOXFACP 00000001 ASL  00000061)
[    0.000000] ACPI: DSDT 0x000000007FFF0470 002325 (v02 VBOX   VBOXBIOS 00000002 INTL 20100528)
[    0.000000] ACPI: FACS 0x000000007FFF0200 000040
[    0.000000] ACPI: FACS 0x000000007FFF0200 000040
[    0.000000] ACPI: APIC 0x000000007FFF0240 00005C (v02 VBOX   VBOXAPIC 00000001 ASL  00000061)
[    0.000000] ACPI: SSDT 0x000000007FFF02A0 0001CC (v01 VBOX   VBOXCPUT 00000002 INTL 20100528)
[    0.000000] ACPI: Reserving FACP table memory at [mem 0x7fff00f0-0x7fff01e3]
[    0.000000] ACPI: Reserving DSDT table memory at [mem 0x7fff0470-0x7fff2794]
[    0.000000] ACPI: Reserving FACS table memory at [mem 0x7fff0200-0x7fff023f]
[    0.000000] ACPI: Reserving FACS table memory at [mem 0x7fff0200-0x7fff023f]
[    0.000000] ACPI: Reserving APIC table memory at [mem 0x7fff0240-0x7fff029b]
[    0.000000] ACPI: Reserving SSDT table memory at [mem 0x7fff02a0-0x7fff046b]
[    0.000000] No NUMA configuration found
[    0.000000] Faking a node at [mem 0x0000000000000000-0x000000007ffeffff]
[    0.000000] NODE_DATA(0) allocated [mem 0x7ffc5000-0x7ffeffff]
[    0.000000] kvm-clock: cpu 0, msr 0:7ff44001, primary cpu clock
[    0.000000] kvm-clock: Using msrs 4b564d01 and 4b564d00
[    0.000000] kvm-clock: using sched offset of 3990805395 cycles
[    0.000000] clocksource: kvm-clock: mask: 0xffffffffffffffff max_cycles: 0x1cd42e4dffb, max_idle_ns: 881590591483 ns
[    0.000000] Zone ranges:
[    0.000000]   DMA      [mem 0x0000000000001000-0x0000000000ffffff]
[    0.000000]   DMA32    [mem 0x0000000001000000-0x000000007ffeffff]
[    0.000000]   Normal   empty
[    0.000000]   Device   empty
[    0.000000] Movable zone start for each node
[    0.000000] Early memory node ranges
[    0.000000]   node   0: [mem 0x0000000000001000-0x000000000009efff]
[    0.000000]   node   0: [mem 0x0000000000100000-0x000000007ffeffff]
[    0.000000] Reserved but unavailable: 104 pages
[    0.000000] Initmem setup node 0 [mem 0x0000000000001000-0x000000007ffeffff]
[    0.000000] ACPI: PM-Timer IO Port: 0x4008
[    0.000000] IOAPIC[0]: apic_id 2, version 32, address 0xfec00000, GSI 0-23
[    0.000000] ACPI: INT_SRC_OVR (bus 0 bus_irq 0 global_irq 2 dfl dfl)
[    0.000000] ACPI: INT_SRC_OVR (bus 0 bus_irq 9 global_irq 9 low level)
[    0.000000] Using ACPI (MADT) for SMP configuration information
[    0.000000] smpboot: Allowing 2 CPUs, 0 hotplug CPUs
[    0.000000] PM: Registered nosave memory: [mem 0x00000000-0x00000fff]
[    0.000000] PM: Registered nosave memory: [mem 0x0009f000-0x0009ffff]
[    0.000000] PM: Registered nosave memory: [mem 0x000a0000-0x000effff]
[    0.000000] PM: Registered nosave memory: [mem 0x000f0000-0x000fffff]
[    0.000000] e820: [mem 0x80000000-0xfebfffff] available for PCI devices
[    0.000000] Booting paravirtualized kernel on KVM
[    0.000000] clocksource: refined-jiffies: mask: 0xffffffff max_cycles: 0xffffffff, max_idle_ns: 7645519600211568 ns
[    0.000000] random: get_random_bytes called from start_kernel+0x99/0x500 with crng_init=0
[    0.000000] setup_percpu: NR_CPUS:8192 nr_cpumask_bits:2 nr_cpu_ids:2 nr_node_ids:1
[    0.000000] percpu: Embedded 45 pages/cpu s147456 r8192 d28672 u1048576
[    0.000000] PV qspinlock hash table entries: 256 (order: 0, 4096 bytes)
[    0.000000] Built 1 zonelists, mobility grouping on.  Total pages: 515961
[    0.000000] Policy zone: DMA32
[    0.000000] Kernel command line: BOOT_IMAGE=/boot/vmlinuz-4.15.0-166-generic root=LABEL=cloudimg-rootfs ro console=tty1 console=ttyS0
[    0.000000] Memory: 2014892K/2096696K available (12300K kernel code, 2483K rwdata, 4320K rodata, 2448K init, 2724K bss, 81804K reserved, 0K cma-reserved)
[    0.000000] SLUB: HWalign=64, Order=0-3, MinObjects=0, CPUs=2, Nodes=1
[    0.000000] Kernel/User page tables isolation: enabled
[    0.000000] ftrace: allocating 39491 entries in 155 pages
[    0.004000] Hierarchical RCU implementation.
[    0.004000] 	RCU restricting CPUs from NR_CPUS=8192 to nr_cpu_ids=2.
[    0.004000] 	Tasks RCU enabled.
[    0.004000] RCU: Adjusting geometry for rcu_fanout_leaf=16, nr_cpu_ids=2
[    0.004000] NR_IRQS: 524544, nr_irqs: 440, preallocated irqs: 16
[    0.004000] Console: colour VGA+ 80x25
[    0.004000] console [tty1] enabled
[    0.004000] console [ttyS0] enabled
[    0.004000] ACPI: Core revision 20170831
[    0.004000] ACPI: 2 ACPI AML tables successfully acquired and loaded
[    0.004000] APIC: Switch to symmetric I/O mode setup
[    0.004000] x2apic enabled
[    0.004000] Switched APIC routing to physical x2apic.
[    0.004000] ..TIMER: vector=0x30 apic1=0 pin1=2 apic2=-1 pin2=-1
[    0.004003] tsc: Detected 3408.000 MHz processor
[    0.004962] Calibrating delay loop (skipped) preset value.. 6816.00 BogoMIPS (lpj=13632000)
[    0.005735] pid_max: default: 32768 minimum: 301
[    0.008027] Security Framework initialized
[    0.008864] Yama: becoming mindful.
[    0.009784] AppArmor: AppArmor initialized
[    0.011947] Dentry cache hash table entries: 262144 (order: 9, 2097152 bytes)
[    0.013085] Inode-cache hash table entries: 131072 (order: 8, 1048576 bytes)
[    0.016016] Mount-cache hash table entries: 4096 (order: 3, 32768 bytes)
[    0.017294] Mountpoint-cache hash table entries: 4096 (order: 3, 32768 bytes)
[    0.020117] Last level iTLB entries: 4KB 128, 2MB 8, 4MB 8
[    0.021204] Last level dTLB entries: 4KB 64, 2MB 0, 4MB 0, 1GB 4
[    0.022381] Spectre V1 : Mitigation: usercopy/swapgs barriers and __user pointer sanitization
[    0.024003] Spectre V2 : Mitigation: Full generic retpoline
[    0.025109] Spectre V2 : Spectre v2 / SpectreRSB mitigation: Filling RSB on context switch
[    0.026727] Speculative Store Bypass: Vulnerable
[    0.027742] SRBDS: Unknown: Dependent on hypervisor status
[    0.028001] MDS: Mitigation: Clear CPU buffers
[    0.029116] Freeing SMP alternatives memory: 36K
[    0.140069] smpboot: CPU0: Intel(R) Core(TM) i5-7500 CPU @ 3.40GHz (family: 0x6, model: 0x9e, stepping: 0x9)
[    0.142826] Performance Events: unsupported p6 CPU model 158 no PMU driver, software events only.
[    0.144030] Hierarchical SRCU implementation.
[    0.146371] NMI watchdog: Perf event create on CPU 0 failed with -2
[    0.148002] NMI watchdog: Perf NMI watchdog permanently disabled
[    0.149424] smp: Bringing up secondary CPUs ...
[    0.150631] x86: Booting SMP configuration:
[    0.152002] .... node  #0, CPUs:      #1
[    0.004000] kvm-clock: cpu 1, msr 0:7ff44041, secondary cpu clock
[    0.156028] smp: Brought up 1 node, 2 CPUs
[    0.156915] smpboot: Max logical packages: 1
[    0.157737] smpboot: Total of 2 processors activated (13632.00 BogoMIPS)
[    0.160120] devtmpfs: initialized
[    0.161231] x86/mm: Memory block size: 128MB
[    0.162643] evm: security.selinux
[    0.164006] evm: security.SMACK64
[    0.164717] evm: security.SMACK64EXEC
[    0.165676] evm: security.SMACK64TRANSMUTE
[    0.166486] evm: security.SMACK64MMAP
[    0.167217] evm: security.apparmor
[    0.168002] evm: security.ima
[    0.168635] evm: security.capability
[    0.169531] clocksource: jiffies: mask: 0xffffffff max_cycles: 0xffffffff, max_idle_ns: 7645041785100000 ns
[    0.169971] futex hash table entries: 512 (order: 3, 32768 bytes)
[    0.172043] pinctrl core: initialized pinctrl subsystem
[    0.173264] RTC time: 12:45:27, date: 02/12/22
[    0.176115] NET: Registered protocol family 16
[    0.177077] audit: initializing netlink subsys (disabled)
[    0.180050] audit: type=2000 audit(1644669932.803:1): state=initialized audit_enabled=0 res=1
[    0.184021] cpuidle: using governor ladder
[    0.185265] cpuidle: using governor menu
[    0.186140] ACPI: bus type PCI registered
[    0.188002] acpiphp: ACPI Hot Plug PCI Controller Driver version: 0.5
[    0.189404] PCI: Using configuration type 1 for base access
[    0.193604] HugeTLB registered 2.00 MiB page size, pre-allocated 0 pages
[    0.196063] ACPI: Added _OSI(Module Device)
[    0.196931] ACPI: Added _OSI(Processor Device)
[    0.198228] ACPI: Added _OSI(3.0 _SCP Extensions)
[    0.199218] ACPI: Added _OSI(Processor Aggregator Device)
[    0.200010] ACPI: Added _OSI(Linux-Dell-Video)
[    0.200927] ACPI: Added _OSI(Linux-Lenovo-NV-HDMI-Audio)
[    0.201990] ACPI: Added _OSI(Linux-HPI-Hybrid-Graphics)
[    0.204371] ACPI: Executed 1 blocks of module-level executable AML code
[    0.208365] ACPI: Interpreter enabled
[    0.209388] ACPI: (supports S0 S5)
[    0.210278] ACPI: Using IOAPIC for interrupt routing
[    0.211743] PCI: Using host bridge windows from ACPI; if necessary, use "pci=nocrs" and report a bug
[    0.212239] ACPI: Enabled 2 GPEs in block 00 to 07
[    0.221864] ACPI: PCI Root Bridge [PCI0] (domain 0000 [bus 00-ff])
[    0.223453] acpi PNP0A03:00: _OSC: OS supports [ASPM ClockPM Segments MSI]
[    0.224392] acpi PNP0A03:00: _OSC: not requesting OS control; OS requires [ExtendedConfig ASPM ClockPM MSI]
[    0.226854] acpi PNP0A03:00: fail to add MMCONFIG information, can't access extended PCI configuration space under this bridge.
[    0.232258] PCI host bridge to bus 0000:00
[    0.233105] pci_bus 0000:00: root bus resource [io  0x0000-0x0cf7 window]
[    0.234443] pci_bus 0000:00: root bus resource [io  0x0d00-0xffff window]
[    0.235992] pci_bus 0000:00: root bus resource [mem 0x000a0000-0x000bffff window]
[    0.236003] pci_bus 0000:00: root bus resource [mem 0x80000000-0xfdffffff window]
[    0.238042] pci_bus 0000:00: root bus resource [bus 00-ff]
[    0.242621] pci 0000:00:01.1: legacy IDE quirk: reg 0x10: [io  0x01f0-0x01f7]
[    0.244004] pci 0000:00:01.1: legacy IDE quirk: reg 0x14: [io  0x03f6]
[    0.248008] pci 0000:00:01.1: legacy IDE quirk: reg 0x18: [io  0x0170-0x0177]
[    0.249369] pci 0000:00:01.1: legacy IDE quirk: reg 0x1c: [io  0x0376]
[    0.276727] pci 0000:00:07.0: quirk: [io  0x4000-0x403f] claimed by PIIX4 ACPI
[    0.279895] pci 0000:00:07.0: quirk: [io  0x4100-0x410f] claimed by PIIX4 SMB
[    0.297921] ACPI: PCI Interrupt Link [LNKA] (IRQs 5 9 10 *11)
[    0.300461] ACPI: PCI Interrupt Link [LNKB] (IRQs 5 9 *10 11)
[    0.302893] ACPI: PCI Interrupt Link [LNKC] (IRQs 5 *9 10 11)
[    0.304123] ACPI: PCI Interrupt Link [LNKD] (IRQs 5 9 10 *11)
[    0.305732] SCSI subsystem initialized
[    0.306553] pci 0000:00:02.0: vgaarb: setting as boot VGA device
[    0.306553] pci 0000:00:02.0: vgaarb: VGA device added: decodes=io+mem,owns=io+mem,locks=none
[    0.308011] pci 0000:00:02.0: vgaarb: bridge control possible
[    0.312002] vgaarb: loaded
[    0.312769] ACPI: bus type USB registered
[    0.313600] usbcore: registered new interface driver usbfs
[    0.315163] usbcore: registered new interface driver hub
[    0.316009] usbcore: registered new device driver usb
[    0.317413] EDAC MC: Ver: 3.0.0
[    0.320047] PCI: Using ACPI for IRQ routing
[    0.321684] NetLabel: Initializing
[    0.322396] NetLabel:  domain hash size = 128
[    0.323271] NetLabel:  protocols = UNLABELED CIPSOv4 CALIPSO
[    0.324019] NetLabel:  unlabeled traffic allowed by default
[    0.325151] clocksource: Switched to clocksource kvm-clock
[    0.337506] VFS: Disk quotas dquot_6.6.0
[    0.338625] VFS: Dquot-cache hash table entries: 512 (order 0, 4096 bytes)
[    0.341700] AppArmor: AppArmor Filesystem Enabled
[    0.342966] pnp: PnP ACPI init
[    0.345086] pnp: PnP ACPI: found 3 devices
[    0.355013] clocksource: acpi_pm: mask: 0xffffff max_cycles: 0xffffff, max_idle_ns: 2085701024 ns
[    0.357515] NET: Registered protocol family 2
[    0.358554] IP idents hash table entries: 32768 (order: 6, 262144 bytes)
[    0.360733] TCP established hash table entries: 16384 (order: 5, 131072 bytes)
[    0.362217] TCP bind hash table entries: 16384 (order: 6, 262144 bytes)
[    0.364626] TCP: Hash tables configured (established 16384 bind 16384)
[    0.365962] UDP hash table entries: 1024 (order: 3, 32768 bytes)
[    0.367154] UDP-Lite hash table entries: 1024 (order: 3, 32768 bytes)
[    0.368486] NET: Registered protocol family 1
[    0.369378] pci 0000:00:00.0: Limiting direct PCI/PCI transfers
[    0.370573] pci 0000:00:01.0: Activating ISA DMA hang workarounds
[    0.371827] pci 0000:00:02.0: Video device with shadowed ROM at [mem 0x000c0000-0x000dffff]
[    0.373724] Unpacking initramfs...
[    0.672762] Freeing initrd memory: 19536K
[    0.683225] clocksource: tsc: mask: 0xffffffffffffffff max_cycles: 0x311fd3cd494, max_idle_ns: 440795223879 ns
[    0.686497] platform rtc_cmos: registered platform RTC device (no PNP device found)
[    0.688544] Scanning for low memory corruption every 60 seconds
[    0.690511] Initialise system trusted keyrings
[    0.691449] Key type blacklist registered
[    0.692679] workingset: timestamp_bits=36 max_order=19 bucket_order=0
[    0.696455] zbud: loaded
[    0.697488] squashfs: version 4.0 (2009/01/31) Phillip Lougher
[    0.698883] fuse init (API version 7.26)
[    0.702186] Key type asymmetric registered
[    0.703018] Asymmetric key parser 'x509' registered
[    0.704140] Block layer SCSI generic (bsg) driver version 0.4 loaded (major 246)
[    0.705948] io scheduler noop registered
[    0.706788] io scheduler deadline registered
[    0.707706] io scheduler cfq registered (default)
[    0.710084] ACPI: AC Adapter [AC] (on-line)
[    0.711137] input: Power Button as /devices/LNXSYSTM:00/LNXPWRBN:00/input/input0
[    0.712987] ACPI: Power Button [PWRF]
[    0.713835] input: Sleep Button as /devices/LNXSYSTM:00/LNXSLPBN:00/input/input1
[    0.715302] ACPI: Sleep Button [SLPF]
[    0.716483] Serial: 8250/16550 driver, 32 ports, IRQ sharing enabled
[    0.739388] 00:02: ttyS0 at I/O 0x3f8 (irq = 4, base_baud = 115200) is a 16550A
[    0.745446] Linux agpgart interface v0.103
[    0.747622] loop: module loaded
[    0.749255] scsi host0: ata_piix
[    0.750095] scsi host1: ata_piix
[    0.750810] ata1: PATA max UDMA/33 cmd 0x1f0 ctl 0x3f6 bmdma 0xd000 irq 14
[    0.752144] ata2: PATA max UDMA/33 cmd 0x170 ctl 0x376 bmdma 0xd008 irq 15
[    0.753846] libphy: Fixed MDIO Bus: probed
[    0.754701] tun: Universal TUN/TAP device driver, 1.6
[    0.755827] PPP generic driver version 2.4.2
[    0.757047] ehci_hcd: USB 2.0 'Enhanced' Host Controller (EHCI) Driver
[    0.758716] ehci-pci: EHCI PCI platform driver
[    0.759921] ehci-platform: EHCI generic platform driver
[    0.761012] ohci_hcd: USB 1.1 'Open' Host Controller (OHCI) Driver
[    0.762210] ohci-pci: OHCI PCI platform driver
[    0.763096] ohci-platform: OHCI generic platform driver
[    0.764167] uhci_hcd: USB Universal Host Controller Interface driver
[    0.766046] i8042: PNP: PS/2 Controller [PNP0303:PS2K,PNP0f03:PS2M] at 0x60,0x64 irq 1,12
[    0.768034] serio: i8042 KBD port at 0x60,0x64 irq 1
[    0.769069] serio: i8042 AUX port at 0x60,0x64 irq 12
[    0.770289] mousedev: PS/2 mouse device common for all mice
[    0.771912] input: AT Translated Set 2 keyboard as /devices/platform/i8042/serio0/input/input2
[    0.774805] rtc_cmos rtc_cmos: rtc core: registered rtc_cmos as rtc0
[    0.776365] rtc_cmos rtc_cmos: alarms up to one day, 114 bytes nvram
[    0.777633] i2c /dev entries driver
[    0.778399] device-mapper: uevent: version 1.0.3
[    0.779578] device-mapper: ioctl: 4.37.0-ioctl (2017-09-20) initialised: dm-devel@redhat.com
[    0.782102] ledtrig-cpu: registered to indicate activity on CPUs
[    0.783649] NET: Registered protocol family 10
[    0.788247] Segment Routing with IPv6
[    0.789513] NET: Registered protocol family 17
[    0.790472] Key type dns_resolver registered
[    0.791567] mce: Using 0 MCE banks
[    0.792342] RAS: Correctable Errors collector initialized.
[    0.793429] sched_clock: Marking stable (792324712, 0)->(986108155, -193783443)
[    0.795191] registered taskstats version 1
[    0.796018] Loading compiled-in X.509 certificates
[    0.799771] Loaded X.509 cert 'Build time autogenerated kernel key: 408b96eb428cbe545a63e9a677d083d5c6df802b'
[    0.802529] Loaded X.509 cert 'Canonical Ltd. Live Patch Signing: 14df34d1a87cf37625abec039ef2bf521249b969'
[    0.804901] Loaded X.509 cert 'Canonical Ltd. Kernel Module Signing: 88f752e560a1e0737e31163a466ad7b70a850c19'
[    0.807379] blacklist: Loading compiled-in revocation X.509 certificates
[    0.809545] Loaded X.509 cert 'Canonical Ltd. Secure Boot Signing: 61482aa2830d0ab2ad5af10b7250da9033ddcef0'
[    0.811595] zswap: loaded using pool lzo/zbud
[    0.817078] Key type big_key registered
[    0.817875] Key type trusted registered
[    0.820217] Key type encrypted registered
[    0.822090] AppArmor: AppArmor sha1 policy hashing enabled
[    0.823337] ima: No TPM chip found, activating TPM-bypass! (rc=-19)
[    0.824695] ima: Allocated hash algorithm: sha1
[    0.825632] evm: HMAC attrs: 0x1
[    0.826902]   Magic number: 10:384:784
[    0.827766] rtc_cmos rtc_cmos: setting system clock to 2022-02-12 12:45:28 UTC (1644669928)
[    0.830547] BIOS EDD facility v0.16 2004-Jun-25, 0 devices found
[    0.831713] EDD information not available.
[    0.946258] Freeing unused kernel image memory: 2448K
[    1.152272] Write protecting the kernel read-only data: 20480k
[    1.154620] Freeing unused kernel image memory: 2008K
[    1.156223] Freeing unused kernel image memory: 1824K
[    1.163070] x86/mm: Checked W+X mappings: passed, no W+X pages found.
[    1.164782] x86/mm: Checking user space page tables
[    1.171255] x86/mm: Checked W+X mappings: passed, no W+X pages found.
Loading, please wait...
starting version 237
[    1.231528] e1000: Intel(R) PRO/1000 Network Driver - version 7.3.21-k8-NAPI
[    1.233371] e1000: Copyright (c) 1999-2006 Intel Corporation.
[    1.241586] Fusion MPT base driver 3.04.20
[    1.242840] Copyright (c) 1999-2008 LSI Corporation
[    1.249080] Fusion MPT SPI Host driver 3.04.20
[    1.258654] AVX2 version of gcm_enc/dec engaged.
[    1.260072] AES CTR mode by8 optimization enabled
[    1.454972] input: ImExPS/2 Generic Explorer Mouse as /devices/platform/i8042/serio1/input/input4
[    1.690513] e1000 0000:00:03.0 eth0: (PCI:33MHz:32-bit) 02:8d:1f:db:13:bf
[    1.692464] e1000 0000:00:03.0 eth0: Intel(R) PRO/1000 Network Connection
[    1.695236] mptbase: ioc0: Initiating bringup
[    1.801193] ioc0: LSI53C1030 A0: Capabilities={Initiator}
[    2.048225] scsi host2: ioc0: LSI53C1030 A0, FwRev=00000000h, Ports=1, MaxQ=256, IRQ=20
[    2.221301] scsi 2:0:0:0: Direct-Access     VBOX     HARDDISK         1.0  PQ: 0 ANSI: 5
[    2.252352] scsi target2:0:0: Beginning Domain Validation
[    2.255907] scsi target2:0:0: Domain Validation skipping write tests
[    2.257255] scsi target2:0:0: Ending Domain Validation
[    2.258326] scsi target2:0:0: asynchronous
[    2.269709] scsi 2:0:1:0: Direct-Access     VBOX     HARDDISK         1.0  PQ: 0 ANSI: 5
[    2.314061] scsi target2:0:1: Beginning Domain Validation
[    2.336961] random: fast init done
[    2.338647] scsi target2:0:1: Domain Validation skipping write tests
[    2.340667] scsi target2:0:1: Ending Domain Validation
[    2.342012] scsi target2:0:1: asynchronous
[    2.347794] random: systemd-udevd: uninitialized urandom read (16 bytes read)
[    2.349689] random: systemd-udevd: uninitialized urandom read (16 bytes read)
[    2.351955] random: systemd-udevd: uninitialized urandom read (16 bytes read)
[    2.354293] sd 2:0:0:0: Attached scsi generic sg0 type 0
[    2.355903] sd 2:0:0:0: [sda] 83886080 512-byte logical blocks: (42.9 GB/40.0 GiB)
[    2.357715] sd 2:0:0:0: [sda] Write Protect is off
[    2.358804] sd 2:0:1:0: Attached scsi generic sg1 type 0
[    2.360307] sd 2:0:0:0: [sda] Incomplete mode parameter data
[    2.361763] sd 2:0:0:0: [sda] Assuming drive cache: write through
[    2.368296]  sda: sda1
[    2.370158] sd 2:0:0:0: [sda] Attached SCSI disk
[    2.372757] sd 2:0:1:0: [sdb] 20480 512-byte logical blocks: (10.5 MB/10.0 MiB)
[    2.376047] sd 2:0:1:0: [sdb] Write Protect is off
[    2.377468] sd 2:0:1:0: [sdb] Incomplete mode parameter data
[    2.379476] sd 2:0:1:0: [sdb] Assuming drive cache: write through
[    2.384139] sd 2:0:1:0: [sdb] Attached SCSI disk
[    2.674815] e1000 0000:00:08.0 eth1: (PCI:33MHz:32-bit) 08:00:27:41:39:de
[    2.686184] e1000 0000:00:08.0 eth1: Intel(R) PRO/1000 Network Connection
[    2.692213] e1000 0000:00:08.0 enp0s8: renamed from eth1
[    2.705385] e1000 0000:00:03.0 enp0s3: renamed from eth0
Begin: Loading essential drivers ... [    4.116744] raid6: sse2x1   gen() 11432 MB/s
[    4.164115] raid6: sse2x1   xor()  8123 MB/s
[    4.212240] raid6: sse2x2   gen() 10256 MB/s
[    4.260192] raid6: sse2x2   xor()  9468 MB/s
[    4.308164] raid6: sse2x4   gen() 13871 MB/s
[    4.356037] raid6: sse2x4   xor()  8033 MB/s
[    4.404025] raid6: avx2x1   gen() 18790 MB/s
[    4.452131] raid6: avx2x1   xor() 12415 MB/s
[    4.500122] raid6: avx2x2   gen() 25965 MB/s
[    4.548136] raid6: avx2x2   xor()  4233 MB/s
[    4.596087] raid6: avx2x4   gen() 26649 MB/s
[    4.644195] raid6: avx2x4   xor() 17236 MB/s
[    4.645693] raid6: using algorithm avx2x4 gen() 26649 MB/s
[    4.647139] raid6: .... xor() 17236 MB/s, rmw enabled
[    4.648296] raid6: using avx2x2 recovery algorithm
[    4.650424] xor: automatically using best checksumming function   avx       
[    4.652991] async_tx: api initialized (async)
done.
Begin: Running /scripts/init-premount ... done.
Begin: Mounting root file system ... Begin: Running /scripts/local-top ... done.
Begin: Running /scripts/local-premount ... [    4.710457] Btrfs loaded, crc32c=crc32c-intel
Scanning for Btrfs filesystems
done.
Warning: fsck not present, so skipping root file system
[    4.739734] EXT4-fs (sda1): mounted filesystem with ordered data mode. Opts: (null)
done.
Begin: Running /scripts/local-bottom ... done.
Begin: Running /scripts/init-bottom ... done.
[    4.905163] ip_tables: (C) 2000-2006 Netfilter Core Team
[    4.921017] systemd[1]: systemd 237 running in system mode. (+PAM +AUDIT +SELINUX +IMA +APPARMOR +SMACK +SYSVINIT +UTMP +LIBCRYPTSETUP +GCRYPT +GNUTLS +ACL +XZ +LZ4 +SECCOMP +BLKID +ELFUTILS +KMOD -IDN2 +IDN -PCRE2 default-hierarchy=hybrid)
[    4.939008] systemd[1]: Detected virtualization oracle.
[    4.944561] systemd[1]: Detected architecture x86-64.

Welcome to [1mUbuntu 18.04.6 LTS[0m!

[    4.967445] systemd[1]: Set hostname to <ubuntu>.
[    4.973301] systemd[1]: Initializing machine ID from random generator.
[    4.975456] systemd[1]: Installed transient /etc/machine-id file.
[    5.235997] systemd[1]: Reached target User and Group Name Lookups.
[[0;32m  OK  [0m] Reached target User and Group Name Lookups.
[    5.238819] systemd[1]: Set up automount Arbitrary Executable File Formats File System Automount Point.
[[0;32m  OK  [0m] Set up automount Arbitrary Executab…rmats File System Automount Point.
[    5.242129] systemd[1]: Reached target System Time Synchronized.
[[0;32m  OK  [0m] Reached target System Time Synchronized.
[    5.246200] systemd[1]: Created slice User and Session Slice.
[[0;32m  OK  [0m] Created slice User and Session Slice.
[[0;32m  OK  [0m] Reached target Swap.
[[0;32m  OK  [0m] Created slice System Slice.
[[0;32m  OK  [0m] Listening on Journal Socket (/dev/log).
[[0;32m  OK  [0m] Listening on LVM2 poll daemon socket.
[[0;32m  OK  [0m] Listening on Journal Socket.
         Starting Create list of required st…ce nodes for the current kernel...
         Starting Load Kernel Modules...
         Mounting POSIX Message Queue File System...
         Mounting Huge Pages File System...
[[0;32m  OK  [0m] Listening on udev Kernel Socket.
[[0;32m  OK  [0m] Listening on fsck to fsckd communication Socket.
         Starting File System Check on Root Device...
[[0;32m  OK  [0m] Reached target Slices.
[[0;32m  OK  [0m] Listening on Journal Audit Socket.
[[0;32m  OK  [0m] Listening on LVM2 metadata daemon socket.
[[0;32m  OK  [0m] Listening on Syslog Socket.
[    5.282152] Loading iSCSI transport class v2.0-870.
         Starting Uncomplicated firewall...
[[0;32m  OK  [0m] Listening on /dev/initctl Compatibility Named Pipe.
[[0;32m  OK  [0m] Created slice system-serial\x2dgetty.slice.
[[0;32m  OK  [0m] Started Forward Password Requests to Wall Directory Watch.
[[0;32m  OK  [0m] Listening on Network Service Netlink Socket.
[[0;32m  OK  [0m] Listening on udev Control Socket.
         Mounting Kernel Debug File System...
         Starting Set the console keyboard layout...
[[0;32m  OK  [0m] Listening on Device-mapper event daemon FIFOs.
         Starting Monitoring of LVM2 mirrors…ng dmeventd or progress polling...
         Starting udev Coldplug all Devices...
         Starting Journal Service...
[[0;32m  OK  [0m] Started Create list of required sta…vice nodes for the current kernel.
[[0;32m  OK  [0m] Mounted POSIX Message Queue File System.
[[0;32m  OK  [0m] Mounted Huge Pages File System.
[[0;32m  OK  [0m] Mounted Kernel Debug File System.
[[0;32m  OK  [0m] Started File System Check Daemon to report status.
[    5.324458] iscsi: registered transport (tcp)
         Starting Create Static Device Nodes in /dev...
[    5.341892] iscsi: registered transport (iser)
[[0;32m  OK  [0m] Started Load Kernel Modules.
         Starting Apply Kernel Variables...
         Mounting Kernel Configuration File System...
         Mounting FUSE Control File System...
[[0;32m  OK  [0m] Mounted Kernel Configuration File System.
[[0;32m  OK  [0m] Mounted FUSE Control File System.
[[0;32m  OK  [0m] Started LVM2 metadata daemon.
[[0;32m  OK  [0m] Started Uncomplicated firewall.
[[0;32m  OK  [0m] Started udev Coldplug all Devices.
[[0;32m  OK  [0m] Started Journal Service.
[[0;32m  OK  [0m] Started Create Static Device Nodes in /dev.
[[0;32m  OK  [0m] Started File System Check on Root Device.
[[0;32m  OK  [0m] Started Monitoring of LVM2 mirrors,…sing dmeventd or progress polling.
[[0;32m  OK  [0m] Started Apply Kernel Variables.
         Starting Remount Root and Kernel File Systems...
[[0;32m  OK  [0m] Started Remount Root and Kernel File Systems.
         Starting Load/Save Random Seed...
         Starting udev Kernel Device Manager...
         Starting Flush Journal to Persistent Storage...
[[0;32m  OK  [0m] Started Load/Save Random Seed.
[[0;32m  OK  [0m] Started udev Kernel Device Manager.
[[0;32m  OK  [0m] Started Flush Journal to Persistent Storage.
[[0;32m  OK  [0m] Found device /dev/ttyS0.
[[0;32m  OK  [0m] Listening on Load/Save RF Kill Switch Status /dev/rfkill Watch.
[[0;32m  OK  [0m] Started Set the console keyboard layout.
[[0;32m  OK  [0m] Started Dispatch Password Requests to Console Directory Watch.
[[0;32m  OK  [0m] Reached target Local Encrypted Volumes.
[[0;32m  OK  [0m] Reached target Local File Systems (Pre).
[[0;32m  OK  [0m] Reached target Local File Systems.
         Starting ebtables ruleset management...
         Starting Tell Plymouth To Write Out Runtime Data...
         Starting AppArmor initialization...
         Starting Set console font and keymap...
         Starting Commit a transient machine-id on disk...
         Starting Create Volatile Files and Directories...
[[0;32m  OK  [0m] Started Tell Plymouth To Write Out Runtime Data.
[[0;32m  OK  [0m] Started Create Volatile Files and Directories.
         Starting Update UTMP about System Boot/Shutdown...
[[0;32m  OK  [0m] Started Update UTMP about System Boot/Shutdown.
[[0;32m  OK  [0m] Started Commit a transient machine-id on disk.
[[0;32m  OK  [0m] Started ebtables ruleset management.
[[0;32m  OK  [0m] Started AppArmor initialization.
         Starting Initial cloud-init job (pre-networking)...
         Starting Load AppArmor profiles managed internally by snapd...
[[0;32m  OK  [0m] Started Load AppArmor profiles managed internally by snapd.
[[0;32m  OK  [0m] Started Set console font and keymap.
[    8.517674] cloud-init[832]: Cloud-init v. 21.4-0ubuntu1~18.04.1 running 'init-local' at Sat, 12 Feb 2022 12:45:35 +0000. Up 8.16 seconds.
[[0;32m  OK  [0m] Started Initial cloud-init job (pre-networking).
[[0;32m  OK  [0m] Reached target Network (Pre).
         Starting Network Service...
[[0;32m  OK  [0m] Started Network Service.
         Starting Network Name Resolution...
         Starting Wait for Network to be Configured...
[[0;32m  OK  [0m] Started Network Name Resolution.
[[0;32m  OK  [0m] Reached target Network.
[[0;32m  OK  [0m] Reached target Host and Network Name Lookups.
[[0;32m  OK  [0m] Started Wait for Network to be Configured.
         Starting Initial cloud-init job (metadata service crawler)...
[   10.775870] cloud-init[984]: Cloud-init v. 21.4-0ubuntu1~18.04.1 running 'init' at Sat, 12 Feb 2022 12:45:38 +0000. Up 10.66 seconds.
[   10.776760] cloud-init[984]: ci-info: ++++++++++++++++++++++++++++++++++++++Net device info+++++++++++++++++++++++++++++++++++++++
[   10.778238] cloud-init[984]: ci-info: +--------+-------+----------------------------+---------------+--------+-------------------+
[   10.779552] cloud-init[984]: ci-info: | Device |   Up  |          Address           |      Mask     | Scope  |     Hw-Address    |
[   10.781420] cloud-init[984]: ci-info: +--------+-------+----------------------------+---------------+--------+-------------------+
[   10.783252] cloud-init[984]: ci-info: | enp0s3 |  True |         10.0.2.15          | 255.255.255.0 | global | 02:8d:1f:db:13:bf |
[   10.796807] cloud-init[984]: ci-info: | enp0s3 |  True | fe80::8d:1fff:fedb:13bf/64 |       .       |  link  | 02:8d:1f:db:13:bf |
[   10.808144] cloud-init[984]: ci-info: | enp0s8 | False |             .              |       .       |   .    | 08:00:27:41:39:de |
[   10.809477] cloud-init[984]: ci-info: |   lo   |  True |         127.0.0.1          |   255.0.0.0   |  host  |         .         |
[   10.811151] cloud-init[984]: ci-info: |   lo   |  True |          ::1/128           |       .       |  host  |         .         |
[   10.824379] cloud-init[984]: ci-info: +--------+-------+----------------------------+---------------+--------+-------------------+
[   10.825814] cloud-init[984]: ci-info: ++++++++++++++++++++++++++++Route IPv4 info+++++++++++++++++++++++++++++
[   10.827282] cloud-init[984]: ci-info: +-------+-------------+----------+-----------------+-----------+-------+
[   10.840129] cloud-init[984]: ci-info: | Route | Destination | Gateway  |     Genmask     | Interface | Flags |
[   10.841527] cloud-init[984]: ci-info: +-------+-------------+----------+-----------------+-----------+-------+
[   10.843396] cloud-init[984]: ci-info: |   0   |   0.0.0.0   | 10.0.2.2 |     0.0.0.0     |   enp0s3  |   UG  |
[   10.844878] cloud-init[984]: ci-info: |   1   |   10.0.2.0  | 0.0.0.0  |  255.255.255.0  |   enp0s3  |   U   |
[   10.856213] cloud-init[984]: ci-info: |   2   |   10.0.2.2  | 0.0.0.0  | 255.255.255.255 |   enp0s3  |   UH  |
[   10.857993] cloud-init[984]: ci-info: +-------+-------------+----------+-----------------+-----------+-------+
[   10.859661] cloud-init[984]: ci-info: +++++++++++++++++++Route IPv6 info+++++++++++++++++++
[   10.861056] cloud-init[984]: ci-info: +-------+-------------+---------+-----------+-------+
[   10.872321] cloud-init[984]: ci-info: | Route | Destination | Gateway | Interface | Flags |
[   10.884302] cloud-init[984]: ci-info: +-------+-------------+---------+-----------+-------+
[   10.900454] cloud-init[984]: ci-info: |   1   |  fe80::/64  |    ::   |   enp0s3  |   U   |
[   10.901839] cloud-init[984]: ci-info: |   3   |    local    |    ::   |   enp0s3  |   U   |
[   10.912352] cloud-init[984]: ci-info: |   4   |   ff00::/8  |    ::   |   enp0s3  |   U   |
[   10.924258] cloud-init[984]: ci-info: +-------+-------------+---------+-----------+-------+
[   11.454921] cloud-init[984]: Generating public/private rsa key pair.
[   11.464428] cloud-init[984]: Your identification has been saved in /etc/ssh/ssh_host_rsa_key.
[   11.476768] cloud-init[984]: Your public key has been saved in /etc/ssh/ssh_host_rsa_key.pub.
[   11.488838] cloud-init[984]: The key fingerprint is:
[[0;32m  OK  [0m] Started Initial cloud-init job (metadata service crawler).
[   11.500872] cloud-init[984]: SHA256:SVP6CTQPGDPHm1vtiX6p4OvYm4PkNHpPnhLDkn6if4A root@ubuntu-bionic[
[0;32m  OK  [0m] Reached target Cloud-config availability.
[   11.503033] [[0;32m  OK  [0m] Reached target System Initialization.
[[0;32m  OK  [0m] Started Daily apt download activities.
[[0;32m  OK  [0m] Listening on ACPID Listen Socket.
[[0;32m  OK  [0m] Listening on UUID daemon activation socket.
[[0;32m  OK  [0m] Started Message of the Day.
[[0;32m  OK  [0m] Started Discard unused blocks once a week.
[[0;32m  OK  [0m] Started Trigger to poll for Ubuntu …(Only enabled on GCP LTS non-pro).
         Starting LXD - unix socket.
cloud-init         Starting Socket activation for snappy daemon.
[[0;32m  OK  [0m] Started Ubuntu Advantage Timer for running repeated jobs.
[984]: The key's randomart image is:
[[0;32m  OK  [0m] Started ACPI Events Check.
[[0;32m  OK  [0m] Reached target Paths.
[   11.523793] [cloud-init[0;32m  OK  [0m[984]: ] +---[RSA 2048]----+Listening on Open-iSCSI iscsid Socket.

[[0;32m  OK  [0m] Listening on cloud-init hotplug hook socket.
[   11.536596] [[0;32m  OK  [0m] Started Daily apt upgrade and clean activities.
cloud-init[984]: |      ++= .      |
[   11.538169] [[0;32m  OK  [0m] Listening on D-Bus System Message Bus Socket.
[[0;32m  OK  [0m] Started Daily Cleanup of Temporary Directories.
[[0;32m  OK  [0m] Reached target Timers.
[[0;32m  OK  [0m] Reached target Network is Online.
cloud-init[984]: |      .=.*       |
         Starting Availability of block devices...
[[0;32m  OK  [0m] Reached target Remote File Systems (Pre).
[[0;32m  OK  [0m] Reached target Remote File Systems.
[[0;32m  OK  [0m] Listening on LXD - unix socket.
[[0;32m  OK  [0m] Listening on Socket activation for snappy daemon.
[[0;32m  OK  [0m] Reached target Sockets.
[[0;32m  OK  [0m] Reached target Basic System.
[   11.541234] cloud-init[984]: |        =o..     |
         Starting LXD - container startup/shutdown...
[   11.546966] cloud-init[984]: |       .o=...    |
[   11.550422] cloud-init[984]: |   . o  Sooo .   |
[   11.551635] cloud-init[984]: |  E + B . . o    |
[   11.552890] cloud-init[984]: |   . B =o.   .   |
[   11.553865] cloud-init[984]: |    + B*.+. o    |
[   11.554678] cloud-init[984]: |  .o.=.+@+.o     |
[   11.555611] cloud-init[984]: +----[SHA256]-----+
[   11.568328] cloud-init[984]: Generating public/private dsa key pair.
[   11.580301] cloud-init[984]: Your identification has been saved in /etc/ssh/ssh_host_dsa_key.
[   11.592263] cloud-init[984]: Your public key has been saved in /etc/ssh/ssh_host_dsa_key.pub.
[   11.594210] cloud-init[984]: The key fingerprint is:
[   11.595300] cloud-init[984]: SHA256:OH+Z2z3PRCFH5q0KNJhpFz3tYUSOEZJeKaZFyoiywfA root@ubuntu-bionic[[0;32m  OK  [0m] Started Regular background program processing daemon.
         Starting Virtualbox guest utils...
         Starting Permit User Sessions...
[[0;32m  OK  [0m] Started Deferred execution scheduler.
[[0;32m  OK  [0m] Started D-Bus System Message Bus.

[   11.603665] cloud-init[984]: The key's randomart image is:
[   11.604759] cloud-init[984]: +---[DSA 1024]----+
[   11.608296] cloud-init[984]: |.        .+oo*oo |
[   11.620935] cloud-init[984]: | +   . o ==o=+B .|
[   11.621754] cloud-init[984]: |  E . . B=+o.=.=.|
[   11.622369] cloud-init[984]: |   +   o.o..  +..|
[   11.632280] cloud-init[984]: |  .   o S .   . .|
[   11.633280] cloud-init[984]: |       o   + . . |
         Starting System Logging Service...
[   11.646521] cloud-init[984]: |        . + .   .|
[   11.656687] [cloud-init[0;32m  OK  [0m[984]: ] |         . o ..o |Started FUSE filesystem for LXC.

[   11.658558] cloud-init[984]: |          . . .oo|
         Starting LSB: automatic crash report generation...
[   11.659113] cloud-init[984]: +----[SHA256]-----+
[   11.660607] cloud-init[984]: Generating public/private ecdsa key pair.
[   11.661819] cloud-init[984]: Your identification has been saved in /etc/ssh/ssh_host_ecdsa_key.
[   11.663289] cloud-init[984]: Your public key has been saved in /etc/ssh/ssh_host_ecdsa_key.pub.
[   11.665106] cloud-init[984]: The key fingerprint is:
[   11.666915] cloud-init[984]: SHA256:oLZcy2lPtuFzaD80Ml+zrNtg5ZF0y+0aj57CXOLV49Y root@ubuntu-bionic
[   11.668004] cloud-init[984]: The key's randomart image is:
[   11.669252] cloud-init[984]: +---[ECDSA 256]---+
[   11.670104] cloud-init[984]: |                 |
[   11.680509] cloud-init[984]: |                 |
[   11.692317] cloud-init[984]: |      .     . .  |
[   11.692970] cloud-init[984]: |     . .   . + o |
[   11.693944] cloud-init[984]: |    o . S   + o..|
[   11.704444] cloud-init[984]: |   o + oo oo+.oo.|
[   11.716385] cloud-init[984]: |    o = +*oB.*o +|
[   11.718194] cloud-init[984]: |     . =+++oB  OE|
[   11.728320] cloud-init[984]: |       .++++.o* .|
[[0;32m  OK  [0m] Started irqbalance daemon.
[   11.741305] cloud-init[984]: +----[SHA256]-----+
[   11.744296] cloud-init[984]: Generating public/private ed25519 key pair.
[   11.745425] cloud-init[984]: Your identification has been saved in /etc/ssh/ssh_host_ed25519_key.
[   11.746251] cloud-init[984]: Your public key has been saved in /etc/ssh/ssh_host_ed25519_key.pub.
[   11.747786] cloud-init[984]: The key fingerprint is:
[   11.760297] cloud-init[984]: SHA256:MjT+CkePsziWoDAhVhH+weZ/zSl90J7Qj5wIW4+j/KY root@ubuntu-bionic
         Starting Pollinate to seed the pseudo random number generator...
[   11.772398] cloud-init[984]: The key's randomart image is:
[   11.785283] cloud-init[984]: +--[ED25519 256]--+
[   11.785830]          Starting Login Service...
cloud-init[984]: |   oo            |
[   11.786985] cloud-init[984]: |  ...            |
[   11.796340]          cloud-initStarting Snap Daemon...[984]: 
|  .. +o          |
[   11.810160] cloud-init[984]: |o.  +o..    o    |
[   11.811160] cloud-init[984]: |o.   o= S. + o   |
[   11.812424] cloud-init[984]: |o .  ..*  B X =  |
[   11.814147] cloud-init[984]: |.o ...+.o+ O O . |
[   11.824713] cloud-init[984]: |.   ++ +o o.o    |
[   11.826585] cloud-init[984]: |   ...o  E+.     |
[   11.840323] cloud-init[984]: +----[SHA256]-----+
         Starting Dispatcher daemon for systemd-networkd...
         Starting LSB: Record successful boot for GRUB...
         Starting Accounts Service...
[[0;32m  OK  [0m] Started System Logging Service.
[[0;32m  OK  [0m] Started Availability of block devices.
[[0;32m  OK  [0m] Started LXD - container startup/shutdown.
[[0;32m  OK  [0m] Started Permit User Sessions.
[[0;32m  OK  [0m] Started Login Service.
[[0;32m  OK  [0m] Started Unattended Upgrades Shutdown.
         Starting Hold until boot process finishes up...
         Starting Terminate Plymouth Boot Screen...
[[0;32m  OK  [0m] Started Hold until boot process finishes up.
[[0;32m  OK  [0m] Started Serial Getty on ttyS0.
         Starting Set console scheme...
[[0;32m  OK  [0m] Started Terminate Plymouth Boot Screen.
[[0;32m  OK  [0m] Started LSB: automatic crash report generation.
[[0;32m  OK  [0m] Started Set console scheme.
[[0;32m  OK  [0m] Created slice system-getty.slice.
[[0;32m  OK  [0m] Started Getty on tty1.
[[0;32m  OK  [0m] Reached target Login Prompts.
         Starting Authorization Manager...
[[0;32m  OK  [0m] Started LSB: Record successful boot for GRUB.
[[0;32m  OK  [0m] Started Authorization Manager.
[[0;32m  OK  [0m] Started Accounts Service.
[[0;32m  OK  [0m] Started Virtualbox guest utils.
[[0;32m  OK  [0m] Started Dispatcher daemon for systemd-networkd.
[[0;32m  OK  [0m] Started Snap Daemon.
         Starting Wait until snapd is fully seeded...
[[0;32m  OK  [0m] Started Pollinate to seed the pseudo random number generator.
         Starting OpenBSD Secure Shell server...
[[0;32m  OK  [0m] Started OpenBSD Secure Shell server.
[[0;32m  OK  [0m] Created slice User Slice of vagrant.
         Starting User Manager for UID 1000...
[[0;32m  OK  [0m] Started Session 1 of user vagrant.
[[0;32m  OK  [0m] Started User Manager for UID 1000.
[[0;32m  OK  [0m] Started Wait until snapd is fully seeded.
         Starting Apply the settings specified in cloud-config...
[[0;32m  OK  [0m] Reached target Multi-User System.
[[0;32m  OK  [0m] Reached target Graphical Interface.
         Starting Update UTMP about System Runlevel Changes...
[[0;32m  OK  [0m] Started Update UTMP about System Runlevel Changes.
[   16.561969] cloud-init[1571]: Cloud-init v. 21.4-0ubuntu1~18.04.1 running 'modules:config' at Sat, 12 Feb 2022 12:45:43 +0000. Up 15.88 seconds.
[[0;32m  OK  [0m] Started Apply the settings specified in cloud-config.
         Starting Execute cloud user/final scripts...
ci-info: no authorized SSH keys fingerprints found for user ubuntu.

Ubuntu 18.04.6 LTS ubuntu-bionic ttyS0

ubuntu-bionic login: <14>Feb 12 12:45:45 cloud-init: #############################################################
<14>Feb 12 12:45:45 cloud-init: -----BEGIN SSH HOST KEY FINGERPRINTS-----
<14>Feb 12 12:45:45 cloud-init: 1024 SHA256:OH+Z2z3PRCFH5q0KNJhpFz3tYUSOEZJeKaZFyoiywfA root@ubuntu-bionic (DSA)
<14>Feb 12 12:45:45 cloud-init: 256 SHA256:oLZcy2lPtuFzaD80Ml+zrNtg5ZF0y+0aj57CXOLV49Y root@ubuntu-bionic (ECDSA)
<14>Feb 12 12:45:45 cloud-init: 256 SHA256:MjT+CkePsziWoDAhVhH+weZ/zSl90J7Qj5wIW4+j/KY root@ubuntu-bionic (ED25519)
<14>Feb 12 12:45:45 cloud-init: 2048 SHA256:SVP6CTQPGDPHm1vtiX6p4OvYm4PkNHpPnhLDkn6if4A root@ubuntu-bionic (RSA)
<14>Feb 12 12:45:45 cloud-init: -----END SSH HOST KEY FINGERPRINTS-----
<14>Feb 12 12:45:45 cloud-init: #############################################################
-----BEGIN SSH HOST KEY KEYS-----
ecdsa-sha2-nistp256 AAAAE2VjZHNhLXNoYTItbmlzdHAyNTYAAAAIbmlzdHAyNTYAAABBBEMsIN9N6mcTTFaMgBLiStvvbNTj1Z7111pdSzu5NEslSjThaiG3yljFGjDNGmvufDscRbVGRc0bCy3pCnBMCV0= root@ubuntu-bionic
ssh-ed25519 AAAAC3NzaC1lZDI1NTE5AAAAIHDFGm8diiIj1BgdHE7FqQ1q/nYq+Bi7wC4oV2+pI/b3 root@ubuntu-bionic
ssh-rsa AAAAB3NzaC1yc2EAAAADAQABAAABAQCk78ZQZAwZoA0yAPcM0aKtDTGPxu4KtlEc/alhRLYJ+Q+iJYG94XLWvezKOWCAE5wn+zSkgFmUiESnDxjqRwva2j6MUuvHNIhFjy2q25bRVl8DKf3O/zzVgZP/QBCDlrXVDe49Fr/h16Dypk2MDpOmuLou3Anz5Tlvzq4h3DmxTAjoLvL3D/4pfs3PDSMmxhHUQD9Mmh7EP4qN2LL3dk6cTICrjo6Rg+9Ecv/iWVqZjKhMmhWu9iOrW6UJUcUC8frZL97DnBW3GJuh4L4cApuLlrN+AR72+kQrZiBEWy+i7BQmeQ8s3grZcET49FgmkXNvx6TSlJcMohGJml8QUgSp root@ubuntu-bionic
-----END SSH HOST KEY KEYS-----
[   18.126977] cloud-init[1709]: Cloud-init v. 21.4-0ubuntu1~18.04.1 running 'modules:final' at Sat, 12 Feb 2022 12:45:45 +0000. Up 17.80 seconds.
[   18.127983] cloud-init[1709]: ci-info: no authorized SSH keys fingerprints found for user ubuntu.
[   18.128793] cloud-init[1709]: Cloud-init v. 21.4-0ubuntu1~18.04.1 finished at Sat, 12 Feb 2022 12:45:45 +0000. Datasource DataSourceNoCloud [seed=/dev/sdb][dsmode=net].  Up 18.11 seconds
